<?xml version="1.0" encoding="UTF-8"?>
<testng-results ignored="0" total="1" passed="1" failed="0" skipped="0">
  <reporter-output>
  </reporter-output>
  <suite started-at="2024-02-20T16:20:18 IST" name="Suite" finished-at="2024-02-20T16:20:58 IST" duration-ms="39815">
    <groups>
      <group name="Regression">
        <method signature="TC_005_Search_Product_Invalid.search_Invalid_product()[pri:0, instance:testCases.TC_005_Search_Product_Invalid@36fc695d]" name="search_Invalid_product" class="testCases.TC_005_Search_Product_Invalid"/>
      </group> <!-- Regression -->
    </groups>
    <test started-at="2024-02-20T16:20:18 IST" name="Test" finished-at="2024-02-20T16:20:58 IST" duration-ms="39815">
      <class name="testCases.TC_005_Search_Product_Invalid">
        <test-method is-config="true" signature="setup(java.lang.String,java.lang.String)[pri:0, instance:testCases.TC_005_Search_Product_Invalid@36fc695d]" started-at="2024-02-20T16:20:19 IST" name="setup" finished-at="2024-02-20T16:20:37 IST" duration-ms="17617" status="PASS">
          <params>
            <param index="0">
              <value>
                <![CDATA[Windows]]>
              </value>
            </param>
            <param index="1">
              <value>
                <![CDATA[chrome]]>
              </value>
            </param>
          </params>
          <reporter-output>
          </reporter-output>
        </test-method> <!-- setup -->
        <test-method signature="search_Invalid_product()[pri:0, instance:testCases.TC_005_Search_Product_Invalid@36fc695d]" started-at="2024-02-20T16:20:37 IST" name="search_Invalid_product" finished-at="2024-02-20T16:20:58 IST" duration-ms="20894" status="PASS">
          <reporter-output>
          </reporter-output>
        </test-method> <!-- search_Invalid_product -->
        <test-method is-config="true" signature="teardown()[pri:0, instance:testCases.TC_005_Search_Product_Invalid@36fc695d]" started-at="2024-02-20T16:20:58 IST" name="teardown" finished-at="2024-02-20T16:20:58 IST" duration-ms="737" status="PASS">
          <reporter-output>
          </reporter-output>
        </test-method> <!-- teardown -->
      </class> <!-- testCases.TC_005_Search_Product_Invalid -->
    </test> <!-- Test -->
  </suite> <!-- Suite -->
</testng-results>
