<?xml version="1.0" encoding="UTF-8"?>
<testng-results ignored="0" total="2" passed="2" failed="0" skipped="0">
  <reporter-output>
  </reporter-output>
  <suite started-at="2024-02-13T14:36:23 IST" name="Suite" finished-at="2024-02-13T14:37:52 IST" duration-ms="89132">
    <groups>
      <group name="Master">
        <method signature="TC_001_Account_Registration_Test.Verify_account_Registration()[pri:0, instance:testCases.TC_001_Account_Registration_Test@c730b35]" name="Verify_account_Registration" class="testCases.TC_001_Account_Registration_Test"/>
        <method signature="TC_002_Login_Test.Login_Test()[pri:0, instance:testCases.TC_002_Login_Test@38425407]" name="Login_Test" class="testCases.TC_002_Login_Test"/>
      </group> <!-- Master -->
      <group name="Sanity">
        <method signature="TC_002_Login_Test.Login_Test()[pri:0, instance:testCases.TC_002_Login_Test@38425407]" name="Login_Test" class="testCases.TC_002_Login_Test"/>
      </group> <!-- Sanity -->
      <group name="Regression">
        <method signature="TC_001_Account_Registration_Test.Verify_account_Registration()[pri:0, instance:testCases.TC_001_Account_Registration_Test@c730b35]" name="Verify_account_Registration" class="testCases.TC_001_Account_Registration_Test"/>
      </group> <!-- Regression -->
    </groups>
    <test started-at="2024-02-13T14:36:23 IST" name="Test" finished-at="2024-02-13T14:37:52 IST" duration-ms="89132">
      <class name="testCases.TC_002_Login_Test">
        <test-method is-config="true" signature="setup(java.lang.String,java.lang.String)[pri:0, instance:testCases.TC_002_Login_Test@38425407]" started-at="2024-02-13T14:37:26 IST" name="setup" finished-at="2024-02-13T14:37:42 IST" duration-ms="16039" status="PASS">
          <params>
            <param index="0">
              <value>
                <![CDATA[Windows]]>
              </value>
            </param>
            <param index="1">
              <value>
                <![CDATA[chrome]]>
              </value>
            </param>
          </params>
          <reporter-output>
          </reporter-output>
        </test-method> <!-- setup -->
        <test-method signature="Login_Test()[pri:0, instance:testCases.TC_002_Login_Test@38425407]" started-at="2024-02-13T14:37:42 IST" name="Login_Test" finished-at="2024-02-13T14:37:51 IST" duration-ms="8634" status="PASS">
          <reporter-output>
          </reporter-output>
        </test-method> <!-- Login_Test -->
        <test-method is-config="true" signature="teardown()[pri:0, instance:testCases.TC_002_Login_Test@38425407]" started-at="2024-02-13T14:37:51 IST" name="teardown" finished-at="2024-02-13T14:37:52 IST" duration-ms="801" status="PASS">
          <reporter-output>
          </reporter-output>
        </test-method> <!-- teardown -->
      </class> <!-- testCases.TC_002_Login_Test -->
      <class name="testCases.TC_001_Account_Registration_Test">
        <test-method is-config="true" signature="setup(java.lang.String,java.lang.String)[pri:0, instance:testCases.TC_001_Account_Registration_Test@c730b35]" started-at="2024-02-13T14:36:23 IST" name="setup" finished-at="2024-02-13T14:37:10 IST" duration-ms="47201" status="PASS">
          <params>
            <param index="0">
              <value>
                <![CDATA[Windows]]>
              </value>
            </param>
            <param index="1">
              <value>
                <![CDATA[chrome]]>
              </value>
            </param>
          </params>
          <reporter-output>
          </reporter-output>
        </test-method> <!-- setup -->
        <test-method signature="Verify_account_Registration()[pri:0, instance:testCases.TC_001_Account_Registration_Test@c730b35]" started-at="2024-02-13T14:37:10 IST" name="Verify_account_Registration" finished-at="2024-02-13T14:37:24 IST" duration-ms="13786" status="PASS">
          <reporter-output>
          </reporter-output>
        </test-method> <!-- Verify_account_Registration -->
        <test-method is-config="true" signature="teardown()[pri:0, instance:testCases.TC_001_Account_Registration_Test@c730b35]" started-at="2024-02-13T14:37:25 IST" name="teardown" finished-at="2024-02-13T14:37:26 IST" duration-ms="1607" status="PASS">
          <reporter-output>
          </reporter-output>
        </test-method> <!-- teardown -->
      </class> <!-- testCases.TC_001_Account_Registration_Test -->
    </test> <!-- Test -->
  </suite> <!-- Suite -->
</testng-results>
